<?xml version="1.0" encoding="UTF-8"?>
<!-- Generated by org.testng.reporters.JUnitXMLReporter -->
<testsuite hostname="L-C02V267CHTD6" ignored="0" name="Default test" tests="3" failures="0" timestamp="2019-09-10T15:56:30 PDT" time="1.512" errors="0">
  <testcase name="BAT-01.01 (XSD Validation Type # 1)" time="0.983" classname="core.XSDValidationTest"/>
  <testcase name="BAT-01.02 (XSD Validation Type # 2)" time="0.165" classname="core.XSDValidationTest"/>
  <testcase name="BAT-01.03 (XSD Validation Type # 3)" time="0.159" classname="core.XSDValidationTest"/>
</testsuite> <!-- Default test -->
