<?xml version="1.0" encoding="UTF-8"?>
<!-- Generated by org.testng.reporters.JUnitXMLReporter -->
<testsuite hostname="L-C02V267CHTD6" ignored="0" name="XSD Validation" tests="3" failures="0" timestamp="2019-09-11T11:59:59 PDT" time="1.318" errors="0">
  <testcase name="test" time="0.823" classname="core.XSDValidationTest"/>
  <testcase name="test" time="0.163" classname="core.XSDValidationTest"/>
  <testcase name="test" time="0.163" classname="core.XSDValidationTest"/>
</testsuite> <!-- XSD Validation -->
